<?xml version="1.0" encoding="UTF-8"?>
<!-- Generated by org.testng.reporters.JUnitReportReporter -->
<testsuite hostname="DESKTOP-MK7UCNN" failures="0" tests="2" name="spring.boot.google.flight.CucumberRunner" time="10.741" errors="0" timestamp="2022-04-03T14:38:51 ICT" skipped="0">
  <testcase classname="spring.boot.google.flight.CucumberRunner" name="runScenario" time="5.416"/>
  <system-out/>
  <testcase classname="spring.boot.google.flight.CucumberRunner" name="runScenario" time="5.325"/>
  <system-out/>
</testsuite> <!-- spring.boot.google.flight.CucumberRunner -->
